<?xml version="1.0" encoding="UTF-8"?>
<!-- Generated by org.testng.reporters.JUnitReportReporter -->
<testsuite hostname="52NSikaiana" name="yadarts.server.resources.RootResourceTest" tests="1" failures="0" timestamp="28 Feb 2014 08:30:16 GMT" time="0.009" errors="0">
  <testcase name="testResource" time="0.009" classname="yadarts.server.resources.RootResourceTest"/>
</testsuite> <!-- yadarts.server.resources.RootResourceTest -->
